<?xml version="1.0" encoding="UTF-8"?>
<!-- Generated by org.testng.reporters.JUnitReportReporter -->
<testsuite skipped="0" hostname="INC00762" name="Sample_mvn.Sample_mvn.Sample" tests="1" failures="0" timestamp="08 Aug 2018 13:07:47 GMT" time="2.861" errors="0">
  <testcase name="method2" time="2.861" classname="Sample_mvn.Sample_mvn.Sample"/>
</testsuite> <!-- Sample_mvn.Sample_mvn.Sample -->
